2019-04-11 07:39:29,323 - __main__ - INFO - Creating MDPs
2019-04-11 07:39:29,323 - __main__ - INFO - ----------
/home/adam/projects/CS7641/assignment4/.venv/lib/python3.6/site-packages/gym/envs/registration.py:14: PkgResourcesDeprecationWarning: Parameters to load are deprecated.  Call .resolve and .require separately.
  result = entry_point.load(False)
2019-04-11 07:39:29,446 - __main__ - INFO - Frozen Lake (20x20): State space: 400, Action space: 4
2019-04-11 07:39:29,447 - __main__ - INFO - ----------
2019-04-11 07:39:29,447 - __main__ - INFO - Running experiments
2019-04-11 07:39:29,447 - __main__ - INFO - Running VI experiment: Frozen Lake (20x20)
2019-04-11 07:39:29,447 - experiments.base - INFO - Searching VI in 12 dimensions
2019-04-11 07:39:29,447 - experiments.base - INFO - 1/12 Processing VI with discount factor 0.0
2019-04-11 07:39:29,467 - experiments.base - INFO - Took 2 steps
2019-04-11 07:40:36,863 - experiments.base - INFO - reward_mean: -0.01, reward_median: -0.01, reward_std: 0.0, reward_max: -0.01, reward_min: -0.01, runs: 2000
2019-04-11 07:40:36,877 - experiments.base - INFO - 2/12 Processing VI with discount factor 0.27
2019-04-11 07:40:37,083 - experiments.base - INFO - Took 11 steps
2019-04-11 07:41:54,682 - experiments.base - INFO - reward_mean: -0.01, reward_median: -0.01, reward_std: 0.0, reward_max: -0.01, reward_min: -0.01, runs: 2000
2019-04-11 07:41:54,697 - experiments.base - INFO - 3/12 Processing VI with discount factor 0.53
2019-04-11 07:41:55,098 - experiments.base - INFO - Took 22 steps
2019-04-11 07:42:43,789 - experiments.base - INFO - reward_mean: -0.01, reward_median: -0.01, reward_std: 0.0, reward_max: -0.01, reward_min: -0.01, runs: 2000
2019-04-11 07:42:43,797 - experiments.base - INFO - 4/12 Processing VI with discount factor 0.8
2019-04-11 07:42:44,335 - experiments.base - INFO - Took 58 steps
2019-04-11 07:43:34,482 - experiments.base - INFO - reward_mean: 0.11112626812933078, reward_median: 0.17886792452830189, reward_std: 0.10798672550578313, reward_max: 0.253421052631579, reward_min: -0.017499999999999998, runs: 2000
2019-04-11 07:43:34,510 - experiments.base - INFO - 5/12 Processing VI with discount factor 0.9
2019-04-11 07:43:36,735 - experiments.base - INFO - Took 121 steps
2019-04-11 07:44:25,774 - experiments.base - INFO - reward_mean: -0.0050498999377656785, reward_median: -0.01310344827586207, reward_std: 0.04439781996332922, reward_max: 0.253421052631579, reward_min: -0.0325, runs: 2000
2019-04-11 07:44:25,799 - experiments.base - INFO - 6/12 Processing VI with discount factor 0.913
2019-04-11 07:44:28,481 - experiments.base - INFO - Took 140 steps
2019-04-11 07:45:19,845 - experiments.base - INFO - reward_mean: -0.006734183640933481, reward_median: -0.01346153846153846, reward_std: 0.04016407381455224, reward_max: 0.253421052631579, reward_min: -0.0325, runs: 2000
2019-04-11 07:45:19,871 - experiments.base - INFO - 7/12 Processing VI with discount factor 0.926
2019-04-11 07:45:23,072 - experiments.base - INFO - Took 165 steps
2019-04-11 07:46:06,848 - experiments.base - INFO - reward_mean: -0.005748667532810932, reward_median: -0.01346153846153846, reward_std: 0.04351050602957302, reward_max: 0.253421052631579, reward_min: -0.0325, runs: 2000
2019-04-11 07:46:06,863 - experiments.base - INFO - 8/12 Processing VI with discount factor 0.939
2019-04-11 07:46:08,801 - experiments.base - INFO - Took 200 steps
2019-04-11 07:46:58,451 - experiments.base - INFO - reward_mean: -0.009638662678212733, reward_median: -0.013913043478260872, reward_std: 0.03442713231516086, reward_max: 0.253421052631579, reward_min: -0.0325, runs: 2000
2019-04-11 07:46:58,474 - experiments.base - INFO - 9/12 Processing VI with discount factor 0.951
2019-04-11 07:47:03,205 - experiments.base - INFO - Took 250 steps
2019-04-11 07:47:48,750 - experiments.base - INFO - reward_mean: -0.011489487537615884, reward_median: -0.014500000000000002, reward_std: 0.029331288278153345, reward_max: 0.24666666666666665, reward_min: -0.0325, runs: 2000
2019-04-11 07:47:48,776 - experiments.base - INFO - 10/12 Processing VI with discount factor 0.964
2019-04-11 07:47:55,351 - experiments.base - INFO - Took 342 steps
2019-04-11 07:48:45,595 - experiments.base - INFO - reward_mean: -0.010796603991449421, reward_median: -0.014285714285714287, reward_std: 0.03135834857065676, reward_max: 0.253421052631579, reward_min: -0.0325, runs: 2000
2019-04-11 07:48:45,621 - experiments.base - INFO - 11/12 Processing VI with discount factor 0.977
2019-04-11 07:48:55,724 - experiments.base - INFO - Took 537 steps
2019-04-11 07:49:46,572 - experiments.base - INFO - reward_mean: -0.011311116322388614, reward_median: -0.014500000000000002, reward_std: 0.030058878854548155, reward_max: 0.24666666666666665, reward_min: -0.0325, runs: 2000
2019-04-11 07:49:46,598 - experiments.base - INFO - 12/12 Processing VI with discount factor 0.99
2019-04-11 07:50:09,450 - experiments.base - INFO - Took 1238 steps
2019-04-11 07:50:58,592 - experiments.base - INFO - reward_mean: -0.013456452310874013, reward_median: -0.015294117647058824, reward_std: 0.022144823917129717, reward_max: 0.24025000000000002, reward_min: -0.0325, runs: 2000
2019-04-11 07:50:58,608 - __main__ - INFO - {'VI': 689}
